c:\users\gavin\desktop\imgui-directx-11-kiero-hook-master\imgui directx 11 kiero hook\x64\debug\vc142.pdb
c:\users\gavin\desktop\imgui-directx-11-kiero-hook-master\imgui directx 11 kiero hook\x64\debug\vc142.idb
c:\users\gavin\desktop\imgui-directx-11-kiero-hook-master\imgui directx 11 kiero hook\x64\debug\main.obj
c:\users\gavin\desktop\imgui-directx-11-kiero-hook-master\imgui directx 11 kiero hook\x64\debug\kiero.obj
c:\users\gavin\desktop\imgui-directx-11-kiero-hook-master\imgui directx 11 kiero hook\x64\debug\imgui_widgets.obj
c:\users\gavin\desktop\imgui-directx-11-kiero-hook-master\imgui directx 11 kiero hook\x64\debug\imgui_impl_win32.obj
c:\users\gavin\desktop\imgui-directx-11-kiero-hook-master\imgui directx 11 kiero hook\x64\debug\imgui_impl_dx11.obj
c:\users\gavin\desktop\imgui-directx-11-kiero-hook-master\imgui directx 11 kiero hook\x64\debug\imgui_draw.obj
c:\users\gavin\desktop\imgui-directx-11-kiero-hook-master\imgui directx 11 kiero hook\x64\debug\imgui_demo.obj
c:\users\gavin\desktop\imgui-directx-11-kiero-hook-master\imgui directx 11 kiero hook\x64\debug\imgui.obj
c:\users\gavin\desktop\imgui-directx-11-kiero-hook-master\imgui directx 11 kiero hook\x64\debug\trampoline.obj
c:\users\gavin\desktop\imgui-directx-11-kiero-hook-master\imgui directx 11 kiero hook\x64\debug\hook.obj
c:\users\gavin\desktop\imgui-directx-11-kiero-hook-master\imgui directx 11 kiero hook\x64\debug\hde64.obj
c:\users\gavin\desktop\imgui-directx-11-kiero-hook-master\imgui directx 11 kiero hook\x64\debug\hde32.obj
c:\users\gavin\desktop\imgui-directx-11-kiero-hook-master\imgui directx 11 kiero hook\x64\debug\buffer.obj
c:\users\gavin\desktop\imgui-directx-11-kiero-hook-master\x64\debug\imgui directx 11 kiero hook.dll
c:\users\gavin\desktop\imgui-directx-11-kiero-hook-master\imgui directx 11 kiero hook\x64\debug\imgui directx 11 kiero hook.ilk
c:\users\gavin\desktop\imgui-directx-11-kiero-hook-master\x64\debug\imgui directx 11 kiero hook.pdb
c:\users\gavin\desktop\imgui-directx-11-kiero-hook-master\imgui directx 11 kiero hook\x64\debug\minhook.res
c:\users\gavin\desktop\imgui-directx-11-kiero-hook-master\imgui directx 11 kiero hook\x64\debug\imgui di.04b17470.tlog\cl.command.1.tlog
c:\users\gavin\desktop\imgui-directx-11-kiero-hook-master\imgui directx 11 kiero hook\x64\debug\imgui di.04b17470.tlog\cl.read.1.tlog
c:\users\gavin\desktop\imgui-directx-11-kiero-hook-master\imgui directx 11 kiero hook\x64\debug\imgui di.04b17470.tlog\cl.write.1.tlog
c:\users\gavin\desktop\imgui-directx-11-kiero-hook-master\imgui directx 11 kiero hook\x64\debug\imgui di.04b17470.tlog\link.command.1.tlog
c:\users\gavin\desktop\imgui-directx-11-kiero-hook-master\imgui directx 11 kiero hook\x64\debug\imgui di.04b17470.tlog\link.read.1.tlog
c:\users\gavin\desktop\imgui-directx-11-kiero-hook-master\imgui directx 11 kiero hook\x64\debug\imgui di.04b17470.tlog\link.write.1.tlog
c:\users\gavin\desktop\imgui-directx-11-kiero-hook-master\imgui directx 11 kiero hook\x64\debug\imgui di.04b17470.tlog\rc.command.1.tlog
c:\users\gavin\desktop\imgui-directx-11-kiero-hook-master\imgui directx 11 kiero hook\x64\debug\imgui di.04b17470.tlog\rc.read.1.tlog
c:\users\gavin\desktop\imgui-directx-11-kiero-hook-master\imgui directx 11 kiero hook\x64\debug\imgui di.04b17470.tlog\rc.write.1.tlog
